2025-05-19 09:35:03.534: [INFO] VisibilityChanged: 0
2025-05-19 09:35:03.607: [INFO] RecordSyncInitDuration has_sync_been_enabled: 0 state: 0
2025-05-19 09:35:03.608: [INFO] RecordSyncInitDuration has_sync_been_enabled: 0 state: 0
2025-05-19 09:35:03.609: [INFO] RecordSyncInitDuration has_sync_been_enabled: 0 state: 0
2025-05-19 09:35:03.609: [INFO] RecordSyncInitDuration has_sync_been_enabled: 0 state: 0
2025-05-19 09:35:03.610: [INFO] RecordSyncInitDuration has_sync_been_enabled: 0 state: 0
2025-05-19 09:35:03.611: [INFO] RecordSyncInitDuration has_sync_been_enabled: 0 state: 0
2025-05-19 09:35:03.611: [INFO] RecordSyncInitDuration has_sync_been_enabled: 0 state: 0
2025-05-19 09:35:03.612: [INFO] RecordSyncInitDuration has_sync_been_enabled: 0 state: 0
2025-05-19 09:35:03.613: [INFO] RecordSyncInitDuration has_sync_been_enabled: 0 state: 0
2025-05-19 09:35:03.613: [INFO] RecordSyncInitDuration has_sync_been_enabled: 0 state: 0
2025-05-19 09:35:03.614: [INFO] RecordSyncInitDuration has_sync_been_enabled: 0 state: 0
2025-05-19 09:35:03.622: [INFO] BookmarkModelLoaded, ids_reassigned: 0
2025-05-19 09:35:03.622: [INFO] OnDoneLoading sync enabled: 0
2025-05-19 09:35:03.626: [INFO] RecordSyncInitDuration has_sync_been_enabled: 0 state: 0
2025-05-19 09:35:03.868: [INFO] RecordSyncInitDuration has_sync_been_enabled: 0 state: 3
2025-05-19 09:35:03.874: [INFO] Primary account changed.
2025-05-19 09:35:03.874: [INFO] OnPrimaryAccountChanged PrimaryAccountChangeEvent::Type::kSet
2025-05-19 09:35:03.878: [INFO] RecordSyncInitDuration has_sync_been_enabled: 0 state: 3
2025-05-19 09:35:04.117: [INFO] RecordSyncInitDuration has_sync_been_enabled: 0 state: 3
2025-05-19 09:35:15.234: [INFO] BookmarkNodeAdded, ABU: 0
2025-05-19 09:35:15.235: [INFO] BookmarkNodeAdded, ABU: 0
2025-05-19 09:35:15.235: [INFO] BookmarkNodeAdded, ABU: 0
2025-05-19 09:35:15.236: [INFO] BookmarkNodeAdded, ABU: 0
2025-05-19 09:35:15.236: [INFO] BookmarkNodeAdded, ABU: 0
2025-05-19 09:35:15.236: [INFO] BookmarkNodeAdded, ABU: 0
2025-05-19 09:35:15.236: [INFO] BookmarkNodeAdded, ABU: 0
2025-05-19 09:35:15.236: [INFO] BookmarkNodeAdded, ABU: 0
2025-05-19 09:35:15.236: [INFO] BookmarkNodeAdded, ABU: 0
2025-05-19 09:35:15.236: [INFO] BookmarkNodeAdded, ABU: 0
2025-05-19 09:35:15.236: [INFO] BookmarkNodeAdded, ABU: 0
2025-05-19 09:35:15.237: [INFO] BookmarkNodeAdded, ABU: 0
2025-05-19 09:35:15.237: [INFO] BookmarkNodeAdded, ABU: 0
2025-05-19 09:35:15.237: [INFO] BookmarkNodeAdded, ABU: 0
2025-05-19 09:35:15.237: [INFO] BookmarkNodeAdded, ABU: 0
2025-05-19 09:35:15.237: [INFO] BookmarkNodeAdded, ABU: 0
2025-05-19 09:35:15.237: [INFO] BookmarkNodeAdded, ABU: 0
2025-05-19 09:35:15.238: [INFO] BookmarkNodeAdded, ABU: 0
2025-05-19 09:35:15.238: [INFO] BookmarkNodeAdded, ABU: 0
2025-05-19 09:35:15.239: [INFO] BookmarkNodeAdded, ABU: 0
2025-05-19 09:35:15.239: [INFO] BookmarkNodeAdded, ABU: 0
2025-05-19 09:35:15.240: [INFO] BookmarkNodeAdded, ABU: 0
2025-05-19 09:35:15.241: [INFO] BookmarkNodeAdded, ABU: 0
2025-05-19 09:35:15.241: [INFO] BookmarkNodeAdded, ABU: 0
2025-05-19 09:35:15.241: [INFO] BookmarkNodeAdded, ABU: 0
2025-05-19 09:35:15.241: [INFO] BookmarkNodeAdded, ABU: 0
2025-05-19 09:35:15.241: [INFO] BookmarkNodeAdded, ABU: 0
2025-05-19 09:35:15.241: [INFO] BookmarkNodeAdded, ABU: 0
2025-05-19 09:35:15.241: [INFO] BookmarkNodeAdded, ABU: 0
2025-05-19 09:35:15.242: [INFO] BookmarkNodeAdded, ABU: 0
2025-05-19 09:35:15.242: [INFO] BookmarkNodeAdded, ABU: 0
2025-05-19 09:35:15.242: [INFO] BookmarkNodeAdded, ABU: 0
2025-05-19 09:35:15.242: [INFO] BookmarkNodeAdded, ABU: 0
2025-05-19 09:35:15.242: [INFO] BookmarkNodeAdded, ABU: 0
2025-05-19 09:35:15.242: [INFO] BookmarkNodeAdded, ABU: 0
2025-05-19 09:35:15.242: [INFO] BookmarkNodeAdded, ABU: 0
2025-05-19 09:35:15.242: [INFO] BookmarkNodeAdded, ABU: 0
2025-05-19 09:35:15.242: [INFO] BookmarkNodeAdded, ABU: 0
2025-05-19 09:35:15.243: [INFO] BookmarkNodeAdded, ABU: 0
2025-05-19 09:35:15.243: [INFO] BookmarkNodeAdded, ABU: 0
2025-05-19 09:35:15.243: [INFO] BookmarkNodeAdded, ABU: 0
2025-05-19 09:35:15.243: [INFO] BookmarkNodeAdded, ABU: 0
2025-05-19 09:35:15.243: [INFO] BookmarkNodeAdded, ABU: 0
2025-05-19 09:35:15.243: [INFO] BookmarkNodeAdded, ABU: 0
2025-05-19 09:35:15.243: [INFO] BookmarkNodeAdded, ABU: 0
2025-05-19 09:35:15.243: [INFO] BookmarkNodeAdded, ABU: 0
2025-05-19 09:35:15.243: [INFO] BookmarkNodeAdded, ABU: 0
2025-05-19 09:35:15.243: [INFO] BookmarkNodeAdded, ABU: 0
2025-05-19 09:35:15.243: [INFO] BookmarkNodeAdded, ABU: 0
2025-05-19 09:35:25.945: [INFO] Sync initialization duration: 21296ms
