{"logTime": "0519/093507", "correlationVector":"NhfTTqjF0lMNqyLXTpl1Ls.1","action":"SyncServerConnectionManagerRequest", "result":"SYNC_SERVER_OK", "context":{"environment":"Prod_southeastasia_prod-s01-064-apac-southeastasia", "migrationStage":"NotStarted", "server":"akswtt00700003v"}}
{"logTime": "0519/093507", "correlationVector":"NhfTTqjF0lMNqyLXTpl1Ls.2","action":"ProcessGetUpdates", "result":"Done", "context":{"dataType":"Encryption Keys", "deleted":"0", "process_failed_to_decrypt":"0", "process_pending_decryption":"0", "process_success":"1", "total":"1"}}
{"logTime": "0519/093509", "correlationVector":"vaZ/IgzeepavRjk7OsrYdA","action":"SyncServerConnectionManagerRequest", "result":"SYNC_SERVER_OK", "context":{"environment":"", "migrationStage":"", "server":""}}
{"logTime": "0519/093509", "correlationVector":"vaZ/IgzeepavRjk7OsrYdA.0","action":"EncryptionKeysFetcher.DownloadKeys:", "result":"Success", "context":Key count: 3, Last key timestamp: 2025-01-06T11:05:32Z}
{"logTime": "0519/093509", "correlationVector":"vaZ/IgzeepavRjk7OsrYdA.1","action":"EncryptionKeysManager::SetEncryptionKeys:", "result":"Success", "context":Key names[3]:[s28NfsINF7B7n/sqMelREePaDo8gDKKxte+SZ6pyWSGtP6LpdlbR952ANQ6CUAaNHedpiNF3xZf07zrf33oASg==][NkI8a2gP+uro3NwmrfNI4ik/Ie5w4IB0bwziwJzdEGkiwdRC1714w5nUq7ACTY6Gk7B/u76o1QLjacWgI46kBA==][PXdkdNkS9fzYHGeZqg4UlYZCJvidl605GnKyKj0hwt21eZd/wiV9cl98/2V4JE46tVxlAr+iQlviQDgRut31wA==]}
{"logTime": "0519/093509", "correlationVector":"vaZ/IgzeepavRjk7OsrYdA.2","action":"EncryptionKeysManager::SetEncryptionKeysWithTimestamps:", "result":"Success", "context":Key timestamps[3]:[2024-01-09T06:54:19Z][2024-07-09T03:57:33Z][2025-01-06T11:05:32Z]}
{"logTime": "0519/093509", "correlationVector":"NhfTTqjF0lMNqyLXTpl1Ls","action":"Initial GetUpdates", "result":"", "context":Reason: NEW_CLIENT. cV=NhfTTqjF0lMNqyLXTpl1Ls}
{"logTime": "0519/093509", "correlationVector":"NhfTTqjF0lMNqyLXTpl1Ls.3","action":"GetUpdates Response", "result":"Success", "context":Received 1 update(s). cV=NhfTTqjF0lMNqyLXTpl1Ls.0;server=akswtt00700003v;cloudType=Consumer;environment=Prod_southeastasia_prod-s01-064-apac-southeastasia;migrationStage=NotStarted}
{"logTime": "0519/093509", "correlationVector":"vVwl+mGt6VJjgWbYkymk2+","action":"Initial GetUpdates", "result":"", "context":Reason: NEWLY_SUPPORTED_DATATYPE. cV=vVwl+mGt6VJjgWbYkymk2+}
{"logTime": "0519/093513", "correlationVector":"vVwl+mGt6VJjgWbYkymk2+.1","action":"SyncServerConnectionManagerRequest", "result":"SYNC_SERVER_OK", "context":{"environment":"Prod_southeastasia_prod-s01-065-apac-southeastasia", "migrationStage":"NotStarted", "server":"akswtt007000026"}}
{"logTime": "0519/093513", "correlationVector":"vVwl+mGt6VJjgWbYkymk2+.2","action":"ProcessGetUpdates", "result":"Done", "context":{"dataType":"Passwords", "deleted":"104", "process_failed_to_decrypt":"0", "process_pending_decryption":"0", "process_success":"236", "total":"236"}}
{"logTime": "0519/093513", "correlationVector":"vVwl+mGt6VJjgWbYkymk2+.3","action":"GetUpdates Response", "result":"Success", "context":Received 236 update(s). cV=vVwl+mGt6VJjgWbYkymk2+.0;server=akswtt007000026;cloudType=Consumer;environment=Prod_southeastasia_prod-s01-065-apac-southeastasia;migrationStage=NotStarted}
{"logTime": "0519/093513", "correlationVector":"cvjH/zbbg2ZV3ZHbn6WU+a","action":"Initial GetUpdates", "result":"", "context":Reason: NEWLY_SUPPORTED_DATATYPE. cV=cvjH/zbbg2ZV3ZHbn6WU+a}
{"logTime": "0519/093515", "correlationVector":"cvjH/zbbg2ZV3ZHbn6WU+a.1","action":"SyncServerConnectionManagerRequest", "result":"SYNC_SERVER_OK", "context":{"environment":"Prod_southeastasia_prod-s01-065-apac-southeastasia", "migrationStage":"NotStarted", "server":"akswtt00700004i"}}
{"logTime": "0519/093515", "correlationVector":"cvjH/zbbg2ZV3ZHbn6WU+a.2","action":"ProcessGetUpdates", "result":"Done", "context":{"dataType":"Bookmarks", "deleted":"0", "process_failed_to_decrypt":"0", "process_pending_decryption":"0", "process_success":"54", "total":"54"}}
{"logTime": "0519/093515", "correlationVector":"cvjH/zbbg2ZV3ZHbn6WU+a.3","action":"GetUpdates Response", "result":"Success", "context":Received 54 update(s). cV=cvjH/zbbg2ZV3ZHbn6WU+a.0;server=akswtt00700004i;cloudType=Consumer;environment=Prod_southeastasia_prod-s01-065-apac-southeastasia;migrationStage=NotStarted}
{"logTime": "0519/093515", "correlationVector":"piWqoVhs1qvykyvVDdR84h","action":"Initial GetUpdates", "result":"", "context":Reason: NEWLY_SUPPORTED_DATATYPE. cV=piWqoVhs1qvykyvVDdR84h}
{"logTime": "0519/093519", "correlationVector":"piWqoVhs1qvykyvVDdR84h.1","action":"SyncServerConnectionManagerRequest", "result":"SYNC_SERVER_OK", "context":{"environment":"Prod_southeastasia_prod-s01-065-apac-southeastasia", "migrationStage":"NotStarted", "server":"akswtt00700002l"}}
{"logTime": "0519/093519", "correlationVector":"piWqoVhs1qvykyvVDdR84h.2","action":"ProcessGetUpdates", "result":"Done", "context":{"dataType":"Autofill Profiles", "deleted":"0", "process_failed_to_decrypt":"0", "process_pending_decryption":"0", "process_success":"47", "total":"47"}}
{"logTime": "0519/093519", "correlationVector":"piWqoVhs1qvykyvVDdR84h.3","action":"ProcessGetUpdates", "result":"Done", "context":{"dataType":"Autofill", "deleted":"0", "process_failed_to_decrypt":"0", "process_pending_decryption":"0", "process_success":"203", "total":"203"}}
{"logTime": "0519/093519", "correlationVector":"piWqoVhs1qvykyvVDdR84h.4","action":"GetUpdates Response", "result":"Success", "context":Received 250 update(s). cV=piWqoVhs1qvykyvVDdR84h.0;server=akswtt00700002l;cloudType=Consumer;environment=Prod_southeastasia_prod-s01-065-apac-southeastasia;migrationStage=NotStarted Some updates remain.}
{"logTime": "0519/093519", "correlationVector":"1aVydgn44Y5ot4oKJAbtcz","action":"Initial GetUpdates", "result":"", "context":Reason: NEWLY_SUPPORTED_DATATYPE. cV=1aVydgn44Y5ot4oKJAbtcz}
{"logTime": "0519/093520", "correlationVector":"1aVydgn44Y5ot4oKJAbtcz.1","action":"SyncServerConnectionManagerRequest", "result":"SYNC_SERVER_OK", "context":{"environment":"Prod_southeastasia_prod-s01-064-apac-southeastasia", "migrationStage":"NotStarted", "server":"akswtt00700004k"}}
{"logTime": "0519/093520", "correlationVector":"1aVydgn44Y5ot4oKJAbtcz.2","action":"ProcessGetUpdates", "result":"Done", "context":{"dataType":"Autofill Profiles", "deleted":"0", "process_failed_to_decrypt":"0", "process_pending_decryption":"0", "process_success":"92", "total":"92"}}
{"logTime": "0519/093520", "correlationVector":"1aVydgn44Y5ot4oKJAbtcz.3","action":"ProcessGetUpdates", "result":"Done", "context":{"dataType":"Autofill", "deleted":"0", "process_failed_to_decrypt":"0", "process_pending_decryption":"0", "process_success":"158", "total":"158"}}
{"logTime": "0519/093520", "correlationVector":"1aVydgn44Y5ot4oKJAbtcz.4","action":"GetUpdates Response", "result":"Success", "context":Received 250 update(s). cV=1aVydgn44Y5ot4oKJAbtcz.0;server=akswtt00700004k;cloudType=Consumer;environment=Prod_southeastasia_prod-s01-064-apac-southeastasia;migrationStage=NotStarted Some updates remain.}
{"logTime": "0519/093520", "correlationVector":"3expt+yWjXx7KxdeF5CkSo","action":"Initial GetUpdates", "result":"", "context":Reason: NEWLY_SUPPORTED_DATATYPE. cV=3expt+yWjXx7KxdeF5CkSo}
{"logTime": "0519/093523", "correlationVector":"3expt+yWjXx7KxdeF5CkSo.1","action":"SyncServerConnectionManagerRequest", "result":"SYNC_SERVER_OK", "context":{"environment":"Prod_southeastasia_prod-s01-064-apac-southeastasia", "migrationStage":"NotStarted", "server":"akswtt00700002y"}}
{"logTime": "0519/093523", "correlationVector":"3expt+yWjXx7KxdeF5CkSo.2","action":"ProcessGetUpdates", "result":"Done", "context":{"dataType":"Autofill Profiles", "deleted":"0", "process_failed_to_decrypt":"0", "process_pending_decryption":"0", "process_success":"84", "total":"84"}}
{"logTime": "0519/093523", "correlationVector":"3expt+yWjXx7KxdeF5CkSo.3","action":"ProcessGetUpdates", "result":"Done", "context":{"dataType":"Autofill", "deleted":"0", "process_failed_to_decrypt":"0", "process_pending_decryption":"0", "process_success":"166", "total":"166"}}
{"logTime": "0519/093523", "correlationVector":"3expt+yWjXx7KxdeF5CkSo.4","action":"GetUpdates Response", "result":"Success", "context":Received 250 update(s). cV=3expt+yWjXx7KxdeF5CkSo.0;server=akswtt00700002y;cloudType=Consumer;environment=Prod_southeastasia_prod-s01-064-apac-southeastasia;migrationStage=NotStarted Some updates remain.}
{"logTime": "0519/093523", "correlationVector":"ujKgbf106YgFfiNkYOyQ+D","action":"Initial GetUpdates", "result":"", "context":Reason: NEWLY_SUPPORTED_DATATYPE. cV=ujKgbf106YgFfiNkYOyQ+D}
{"logTime": "0519/093524", "correlationVector":"ujKgbf106YgFfiNkYOyQ+D.1","action":"SyncServerConnectionManagerRequest", "result":"SYNC_SERVER_OK", "context":{"environment":"Prod_southeastasia_prod-s01-064-apac-southeastasia", "migrationStage":"NotStarted", "server":"akswtt00700002y"}}
{"logTime": "0519/093525", "correlationVector":"ujKgbf106YgFfiNkYOyQ+D.2","action":"ProcessGetUpdates", "result":"Done", "context":{"dataType":"Autofill Profiles", "deleted":"0", "process_failed_to_decrypt":"0", "process_pending_decryption":"0", "process_success":"108", "total":"108"}}
{"logTime": "0519/093525", "correlationVector":"ujKgbf106YgFfiNkYOyQ+D.3","action":"ProcessGetUpdates", "result":"Done", "context":{"dataType":"Autofill", "deleted":"0", "process_failed_to_decrypt":"0", "process_pending_decryption":"0", "process_success":"142", "total":"142"}}
{"logTime": "0519/093525", "correlationVector":"ujKgbf106YgFfiNkYOyQ+D.4","action":"GetUpdates Response", "result":"Success", "context":Received 250 update(s). cV=ujKgbf106YgFfiNkYOyQ+D.0;server=akswtt00700002y;cloudType=Consumer;environment=Prod_southeastasia_prod-s01-064-apac-southeastasia;migrationStage=NotStarted Some updates remain.}
{"logTime": "0519/093525", "correlationVector":"kU/f/0wOVucQ4t1Yn8gSVK","action":"Initial GetUpdates", "result":"", "context":Reason: NEWLY_SUPPORTED_DATATYPE. cV=kU/f/0wOVucQ4t1Yn8gSVK}
{"logTime": "0519/093525", "correlationVector":"kU/f/0wOVucQ4t1Yn8gSVK.1","action":"SyncServerConnectionManagerRequest", "result":"SYNC_SERVER_OK", "context":{"environment":"Prod_southeastasia_prod-s01-064-apac-southeastasia", "migrationStage":"NotStarted", "server":"akswtt00700003b"}}
{"logTime": "0519/093525", "correlationVector":"kU/f/0wOVucQ4t1Yn8gSVK.2","action":"ProcessGetUpdates", "result":"Done", "context":{"dataType":"Autofill Profiles", "deleted":"0", "process_failed_to_decrypt":"0", "process_pending_decryption":"0", "process_success":"103", "total":"103"}}
{"logTime": "0519/093525", "correlationVector":"kU/f/0wOVucQ4t1Yn8gSVK.3","action":"ProcessGetUpdates", "result":"Done", "context":{"dataType":"Autofill", "deleted":"0", "process_failed_to_decrypt":"0", "process_pending_decryption":"0", "process_success":"124", "total":"124"}}
{"logTime": "0519/093525", "correlationVector":"kU/f/0wOVucQ4t1Yn8gSVK.4","action":"GetUpdates Response", "result":"Success", "context":Received 227 update(s). cV=kU/f/0wOVucQ4t1Yn8gSVK.0;server=akswtt00700003b;cloudType=Consumer;environment=Prod_southeastasia_prod-s01-064-apac-southeastasia;migrationStage=NotStarted}
{"logTime": "0519/093525", "correlationVector":"UZhq18MaJCSbcfFNRvrgrh","action":"Initial GetUpdates", "result":"", "context":Reason: NEWLY_SUPPORTED_DATATYPE. cV=UZhq18MaJCSbcfFNRvrgrh}
{"logTime": "0519/093527", "correlationVector":"UZhq18MaJCSbcfFNRvrgrh.1","action":"SyncServerConnectionManagerRequest", "result":"SYNC_SERVER_OK", "context":{"environment":"Prod_southeastasia_prod-s01-064-apac-southeastasia", "migrationStage":"NotStarted", "server":"akswtt00700003t"}}
{"logTime": "0519/093527", "correlationVector":"UZhq18MaJCSbcfFNRvrgrh.2","action":"ProcessGetUpdates", "result":"Done", "context":{"dataType":"History", "deleted":"0", "process_failed_to_decrypt":"0", "process_pending_decryption":"0", "process_success":"250", "total":"250"}}
{"logTime": "0519/093527", "correlationVector":"UZhq18MaJCSbcfFNRvrgrh.3","action":"GetUpdates Response", "result":"Success", "context":Received 250 update(s). cV=UZhq18MaJCSbcfFNRvrgrh.0;server=akswtt00700003t;cloudType=Consumer;environment=Prod_southeastasia_prod-s01-064-apac-southeastasia;migrationStage=NotStarted Some updates remain.}
{"logTime": "0519/093527", "correlationVector":"LtE473n3WMbM5NQ21kQt+0","action":"Initial GetUpdates", "result":"", "context":Reason: NEWLY_SUPPORTED_DATATYPE. cV=LtE473n3WMbM5NQ21kQt+0}
{"logTime": "0519/093528", "correlationVector":"LtE473n3WMbM5NQ21kQt+0.1","action":"SyncServerConnectionManagerRequest", "result":"SYNC_SERVER_OK", "context":{"environment":"Prod_southeastasia_prod-s01-064-apac-southeastasia", "migrationStage":"NotStarted", "server":"akswtt007000002"}}
{"logTime": "0519/093528", "correlationVector":"LtE473n3WMbM5NQ21kQt+0.2","action":"ProcessGetUpdates", "result":"Done", "context":{"dataType":"History", "deleted":"0", "process_failed_to_decrypt":"0", "process_pending_decryption":"0", "process_success":"250", "total":"250"}}
{"logTime": "0519/093528", "correlationVector":"LtE473n3WMbM5NQ21kQt+0.3","action":"GetUpdates Response", "result":"Success", "context":Received 250 update(s). cV=LtE473n3WMbM5NQ21kQt+0.0;server=akswtt007000002;cloudType=Consumer;environment=Prod_southeastasia_prod-s01-064-apac-southeastasia;migrationStage=NotStarted Some updates remain.}
{"logTime": "0519/093528", "correlationVector":"XCgXNqzo2aw8mkoeHb7odU","action":"Initial GetUpdates", "result":"", "context":Reason: NEWLY_SUPPORTED_DATATYPE. cV=XCgXNqzo2aw8mkoeHb7odU}
{"logTime": "0519/093529", "correlationVector":"XCgXNqzo2aw8mkoeHb7odU.1","action":"SyncServerConnectionManagerRequest", "result":"SYNC_SERVER_OK", "context":{"environment":"Prod_southeastasia_prod-s01-064-apac-southeastasia", "migrationStage":"NotStarted", "server":"akswtt00700003n"}}
{"logTime": "0519/093529", "correlationVector":"XCgXNqzo2aw8mkoeHb7odU.2","action":"ProcessGetUpdates", "result":"Done", "context":{"dataType":"History", "deleted":"0", "process_failed_to_decrypt":"0", "process_pending_decryption":"0", "process_success":"250", "total":"250"}}
{"logTime": "0519/093529", "correlationVector":"XCgXNqzo2aw8mkoeHb7odU.3","action":"GetUpdates Response", "result":"Success", "context":Received 250 update(s). cV=XCgXNqzo2aw8mkoeHb7odU.0;server=akswtt00700003n;cloudType=Consumer;environment=Prod_southeastasia_prod-s01-064-apac-southeastasia;migrationStage=NotStarted Some updates remain.}
{"logTime": "0519/093529", "correlationVector":"ZNhcCtZAyPEFQV6D9avlW2","action":"Initial GetUpdates", "result":"", "context":Reason: NEWLY_SUPPORTED_DATATYPE. cV=ZNhcCtZAyPEFQV6D9avlW2}
{"logTime": "0519/093530", "correlationVector":"ZNhcCtZAyPEFQV6D9avlW2.1","action":"SyncServerConnectionManagerRequest", "result":"SYNC_SERVER_OK", "context":{"environment":"Prod_southeastasia_prod-s01-064-apac-southeastasia", "migrationStage":"NotStarted", "server":"akswtt00700002d"}}
{"logTime": "0519/093530", "correlationVector":"ZNhcCtZAyPEFQV6D9avlW2.2","action":"ProcessGetUpdates", "result":"Done", "context":{"dataType":"History", "deleted":"0", "process_failed_to_decrypt":"0", "process_pending_decryption":"0", "process_success":"250", "total":"250"}}
{"logTime": "0519/093530", "correlationVector":"ZNhcCtZAyPEFQV6D9avlW2.3","action":"GetUpdates Response", "result":"Success", "context":Received 250 update(s). cV=ZNhcCtZAyPEFQV6D9avlW2.0;server=akswtt00700002d;cloudType=Consumer;environment=Prod_southeastasia_prod-s01-064-apac-southeastasia;migrationStage=NotStarted Some updates remain.}
{"logTime": "0519/093530", "correlationVector":"jrjHWIiJsOI6p4oD95/rI2","action":"Initial GetUpdates", "result":"", "context":Reason: NEWLY_SUPPORTED_DATATYPE. cV=jrjHWIiJsOI6p4oD95/rI2}
{"logTime": "0519/093531", "correlationVector":"jrjHWIiJsOI6p4oD95/rI2.1","action":"SyncServerConnectionManagerRequest", "result":"SYNC_SERVER_OK", "context":{"environment":"Prod_southeastasia_prod-s01-064-apac-southeastasia", "migrationStage":"NotStarted", "server":"akswtt00700001x"}}
{"logTime": "0519/093531", "correlationVector":"jrjHWIiJsOI6p4oD95/rI2.2","action":"ProcessGetUpdates", "result":"Done", "context":{"dataType":"History", "deleted":"0", "process_failed_to_decrypt":"0", "process_pending_decryption":"0", "process_success":"250", "total":"250"}}
{"logTime": "0519/093531", "correlationVector":"jrjHWIiJsOI6p4oD95/rI2.3","action":"GetUpdates Response", "result":"Success", "context":Received 250 update(s). cV=jrjHWIiJsOI6p4oD95/rI2.0;server=akswtt00700001x;cloudType=Consumer;environment=Prod_southeastasia_prod-s01-064-apac-southeastasia;migrationStage=NotStarted Some updates remain.}
{"logTime": "0519/093531", "correlationVector":"rAGxxPF0Gm5NFTdybz0WXl","action":"Initial GetUpdates", "result":"", "context":Reason: NEWLY_SUPPORTED_DATATYPE. cV=rAGxxPF0Gm5NFTdybz0WXl}
{"logTime": "0519/093532", "correlationVector":"rAGxxPF0Gm5NFTdybz0WXl.1","action":"SyncServerConnectionManagerRequest", "result":"SYNC_SERVER_OK", "context":{"environment":"Prod_southeastasia_prod-s01-064-apac-southeastasia", "migrationStage":"NotStarted", "server":"akswtt007000002"}}
{"logTime": "0519/093532", "correlationVector":"rAGxxPF0Gm5NFTdybz0WXl.2","action":"ProcessGetUpdates", "result":"Done", "context":{"dataType":"History", "deleted":"0", "process_failed_to_decrypt":"0", "process_pending_decryption":"0", "process_success":"250", "total":"250"}}
{"logTime": "0519/093532", "correlationVector":"rAGxxPF0Gm5NFTdybz0WXl.3","action":"GetUpdates Response", "result":"Success", "context":Received 250 update(s). cV=rAGxxPF0Gm5NFTdybz0WXl.0;server=akswtt007000002;cloudType=Consumer;environment=Prod_southeastasia_prod-s01-064-apac-southeastasia;migrationStage=NotStarted Some updates remain.}
{"logTime": "0519/093532", "correlationVector":"7jEf9G2Mu3dBkva9U6pjz1","action":"Initial GetUpdates", "result":"", "context":Reason: NEWLY_SUPPORTED_DATATYPE. cV=7jEf9G2Mu3dBkva9U6pjz1}
{"logTime": "0519/093533", "correlationVector":"7jEf9G2Mu3dBkva9U6pjz1.1","action":"SyncServerConnectionManagerRequest", "result":"SYNC_SERVER_OK", "context":{"environment":"Prod_southeastasia_prod-s01-064-apac-southeastasia", "migrationStage":"NotStarted", "server":"akswtt00700004k"}}
{"logTime": "0519/093533", "correlationVector":"7jEf9G2Mu3dBkva9U6pjz1.2","action":"ProcessGetUpdates", "result":"Done", "context":{"dataType":"History", "deleted":"0", "process_failed_to_decrypt":"0", "process_pending_decryption":"0", "process_success":"77", "total":"77"}}
{"logTime": "0519/093533", "correlationVector":"7jEf9G2Mu3dBkva9U6pjz1.3","action":"GetUpdates Response", "result":"Success", "context":Received 77 update(s). cV=7jEf9G2Mu3dBkva9U6pjz1.0;server=akswtt00700004k;cloudType=Consumer;environment=Prod_southeastasia_prod-s01-064-apac-southeastasia;migrationStage=NotStarted}
{"logTime": "0519/093533", "correlationVector":"2SB6j7+rsimijxUoWOFZIg","action":"Normal GetUpdate request", "result":"", "context":cV=2SB6j7+rsimijxUoWOFZIg
Nudged types: Passwords
Refresh requested types: Bookmarks, Passwords, Autofill Profiles, Autofill, History, Edge Wallet, Encryption Keys}
{"logTime": "0519/093534", "correlationVector":"2SB6j7+rsimijxUoWOFZIg.1","action":"SyncServerConnectionManagerRequest", "result":"SYNC_SERVER_OK", "context":{"environment":"Prod_southeastasia_prod-s01-064-apac-southeastasia", "migrationStage":"NotStarted", "server":"akswtt00700002c"}}
{"logTime": "0519/093534", "correlationVector":"2SB6j7+rsimijxUoWOFZIg.2","action":"GetUpdates Response", "result":"Success", "context":Received 0 update(s). cV=2SB6j7+rsimijxUoWOFZIg.0;server=akswtt00700002c;cloudType=Consumer;environment=Prod_southeastasia_prod-s01-064-apac-southeastasia;migrationStage=NotStarted}
{"logTime": "0519/093534", "correlationVector":"WLfhgb/FRakd/3YD0VAHIV","action":"Commit Request", "result":"", "context":Item count: 2
Contributing types: Passwords}
{"logTime": "0519/093535", "correlationVector":"WLfhgb/FRakd/3YD0VAHIV.1","action":"SyncServerConnectionManagerRequest", "result":"SYNC_SERVER_OK", "context":{"environment":"Prod_southeastasia_prod-s01-064-apac-southeastasia", "migrationStage":"NotStarted", "server":"akswtt00700003u"}}
{"logTime": "0519/093535", "correlationVector":"WLfhgb/FRakd/3YD0VAHIV.2","action":"Commit Response", "result":"Success", "context":Result: Success. cV=WLfhgb/FRakd/3YD0VAHIV.0;server=akswtt00700003u;cloudType=Consumer;environment=Prod_southeastasia_prod-s01-064-apac-southeastasia;migrationStage=NotStarted}
{"logTime": "0519/093639", "correlationVector":"fuhVToVqhSbQcBDqlmYkQ9","action":"Commit Request", "result":"", "context":Item count: 1
Contributing types: History}
{"logTime": "0519/093641", "correlationVector":"fuhVToVqhSbQcBDqlmYkQ9.1","action":"SyncServerConnectionManagerRequest", "result":"SYNC_SERVER_OK", "context":{"environment":"Prod_southeastasia_prod-s01-064-apac-southeastasia", "migrationStage":"NotStarted", "server":"akswtt00700004p"}}
{"logTime": "0519/093641", "correlationVector":"fuhVToVqhSbQcBDqlmYkQ9.2","action":"Commit Response", "result":"Success", "context":Result: Success. cV=fuhVToVqhSbQcBDqlmYkQ9.0;server=akswtt00700004p;cloudType=Consumer;environment=Prod_southeastasia_prod-s01-064-apac-southeastasia;migrationStage=NotStarted}
{"logTime": "0519/093826", "correlationVector":"7wIAWuq+A/69j4N/7AWOjR","action":"Commit Request", "result":"", "context":Item count: 1
Contributing types: Passwords}
{"logTime": "0519/093827", "correlationVector":"7wIAWuq+A/69j4N/7AWOjR.1","action":"SyncServerConnectionManagerRequest", "result":"SYNC_SERVER_OK", "context":{"environment":"Prod_southeastasia_prod-s01-064-apac-southeastasia", "migrationStage":"NotStarted", "server":"akswtt00700004g"}}
{"logTime": "0519/093827", "correlationVector":"7wIAWuq+A/69j4N/7AWOjR.2","action":"Commit Response", "result":"Success", "context":Result: Success. cV=7wIAWuq+A/69j4N/7AWOjR.0;server=akswtt00700004g;cloudType=Consumer;environment=Prod_southeastasia_prod-s01-064-apac-southeastasia;migrationStage=NotStarted}
{"logTime": "0519/093933", "correlationVector":"gtUpjRCQ6BUgsQjBgIbrwx","action":"Commit Request", "result":"", "context":Item count: 1
Contributing types: Autofill Profiles}
{"logTime": "0519/093935", "correlationVector":"gtUpjRCQ6BUgsQjBgIbrwx.1","action":"SyncServerConnectionManagerRequest", "result":"SYNC_SERVER_OK", "context":{"environment":"Prod_southeastasia_prod-s01-064-apac-southeastasia", "migrationStage":"NotStarted", "server":"akswtt00700002d"}}
{"logTime": "0519/093935", "correlationVector":"gtUpjRCQ6BUgsQjBgIbrwx.2","action":"Commit Response", "result":"Success", "context":Result: Success. cV=gtUpjRCQ6BUgsQjBgIbrwx.0;server=akswtt00700002d;cloudType=Consumer;environment=Prod_southeastasia_prod-s01-064-apac-southeastasia;migrationStage=NotStarted}
