2025-05-19 09:35:03.396: [INFO][Sync] Reset engine, reason: 8
2025-05-19 09:35:03.397: [INFO][Sync] Stopped: Bookmarks
2025-05-19 09:35:03.397: [INFO][Sync] Stopped: Preferences
2025-05-19 09:35:03.397: [INFO][Sync] Stopped: Passwords
2025-05-19 09:35:03.397: [INFO][Sync] Stopped: Autofill Profiles
2025-05-19 09:35:03.397: [INFO][Sync] Stopped: Autofill
2025-05-19 09:35:03.397: [INFO][Sync] Stopped: Extensions
2025-05-19 09:35:03.397: [INFO][Sync] Stopped: Sessions
2025-05-19 09:35:03.397: [INFO][Sync] Stopped: Extension settings
2025-05-19 09:35:03.397: [INFO][Sync] Stopped: History Delete Directives
2025-05-19 09:35:03.397: [INFO][Sync] Stopped: Device Info
2025-05-19 09:35:03.397: [INFO][Sync] Stopped: User Consents
2025-05-19 09:35:03.397: [INFO][Sync] Stopped: Send Tab To Self
2025-05-19 09:35:03.397: [INFO][Sync] Stopped: Web Apps
2025-05-19 09:35:03.397: [INFO][Sync] Stopped: History
2025-05-19 09:35:03.397: [INFO][Sync] Stopped: Saved Tab Group
2025-05-19 09:35:03.397: [INFO][Sync] Stopped: Collection
2025-05-19 09:35:03.397: [INFO][Sync] Stopped: Edge E Drop
2025-05-19 09:35:03.397: [INFO][Sync] Stopped: Edge Hub App Usage
2025-05-19 09:35:03.397: [INFO][Sync] Stopped: Edge Tab Group
2025-05-19 09:35:03.397: [INFO][Sync] Stopped: Edge Wallet
2025-05-19 09:35:03.398: [INFO][Sync] SyncState after authenticated was: NotSignedIn
2025-05-19 09:35:03.625: [INFO][Sync] Reset engine, reason: 8
2025-05-19 09:35:03.625: [INFO][Sync] Stopped: Bookmarks
2025-05-19 09:35:03.625: [INFO][Sync] Stopped: Preferences
2025-05-19 09:35:03.625: [INFO][Sync] Stopped: Passwords
2025-05-19 09:35:03.625: [INFO][Sync] Stopped: Autofill Profiles
2025-05-19 09:35:03.625: [INFO][Sync] Stopped: Autofill
2025-05-19 09:35:03.625: [INFO][Sync] Stopped: Extensions
2025-05-19 09:35:03.625: [INFO][Sync] Stopped: Sessions
2025-05-19 09:35:03.625: [INFO][Sync] Stopped: Extension settings
2025-05-19 09:35:03.625: [INFO][Sync] Stopped: History Delete Directives
2025-05-19 09:35:03.625: [INFO][Sync] Stopped: Device Info
2025-05-19 09:35:03.625: [INFO][Sync] Stopped: User Consents
2025-05-19 09:35:03.625: [INFO][Sync] Stopped: Send Tab To Self
2025-05-19 09:35:03.625: [INFO][Sync] Stopped: Web Apps
2025-05-19 09:35:03.625: [INFO][Sync] Stopped: History
2025-05-19 09:35:03.625: [INFO][Sync] Stopped: Saved Tab Group
2025-05-19 09:35:03.625: [INFO][Sync] Stopped: Collection
2025-05-19 09:35:03.625: [INFO][Sync] Stopped: Edge E Drop
2025-05-19 09:35:03.625: [INFO][Sync] Stopped: Edge Hub App Usage
2025-05-19 09:35:03.625: [INFO][Sync] Stopped: Edge Tab Group
2025-05-19 09:35:03.625: [INFO][Sync] Stopped: Edge Wallet
2025-05-19 09:35:03.901: [INFO][Sync] Try to start sync engine
2025-05-19 09:35:03.909: [INFO][SyncManagerImpl::NudgeForInitialDownload] Initial download nudge for Encryption Keys
2025-05-19 09:35:03.909: [INFO][SyncEngineBackend::LoadAndConnectNigoriController] Load and connect Nigori controller
2025-05-19 09:35:03.909: [INFO][SyncEngineBackend::DoInitialize] Control Types added: Encryption Keys
2025-05-19 09:35:03.909: [INFO][SyncManagerImpl::ConfigureSyncer] Types to download: Encryption Keys with reason: 3
2025-05-19 09:35:03.909: [INFO][SyncSchedulerImpl::DoConfigurationSyncCycleJob] Configure job was blocked
2025-05-19 09:35:04.117: [INFO][SyncAuthManager::SetLastAuthError] Current auth error: None
2025-05-19 09:35:04.117: [INFO][SyncAuthManager::EdgeLogTokenErrorState] Token error with: None for account type: MSA
2025-05-19 09:35:04.117: [INFO][Sync] Credentials changed for: EdgeSyncScopeNew
2025-05-19 09:35:06.370: [INFO][SyncAuthManager::SetLastAuthError] Current auth error: None
2025-05-19 09:35:06.370: [INFO][SyncAuthManager::EdgeLogTokenErrorState] Token error with: None for account type: MSA
2025-05-19 09:35:06.370: [INFO][Sync] Credentials changed for: EdgeSyncKeyDataScope
2025-05-19 09:35:06.370: [INFO][SyncEngineBackend::DoUpdateKeyDataCredentials] Update key data credentials
2025-05-19 09:35:06.370: [INFO][SyncEngineBackend::DoUpdateCredentials] Update credentials
2025-05-19 09:35:06.371: [INFO][SyncSchedulerImpl::DoConfigurationSyncCycleJob] Blocked types:  and types to download: Encryption Keys
2025-05-19 09:35:07.933: [INFO][Sync] Started DataTypeManager configuration, reason: 4
2025-05-19 09:35:07.934: [INFO][Sync] Configuring for: Bookmarks, Preferences, Passwords, Autofill Profiles, Autofill, Extensions, Sessions, Extension settings, History Delete Directives, Device Info, User Consents, Send Tab To Self, Web Apps, History, Saved Tab Group, Collection, Edge E Drop, Edge Hub App Usage, Edge Tab Group, Edge Wallet, Encryption Keys, reason: 3, current state: 0
2025-05-19 09:35:07.934: [WARN][Sync] Crypto error data types: Passwords, Autofill Profiles, Autofill
2025-05-19 09:35:07.937: [INFO][Sync] Configure, desired: Bookmarks, Preferences, Extensions, Sessions, Extension settings, History Delete Directives, Device Info, User Consents, Send Tab To Self, Web Apps, History, Saved Tab Group, Collection, Edge E Drop, Edge Hub App Usage, Edge Tab Group, Edge Wallet, Encryption Keys; Allow fail: Passwords, Autofill Profiles, Autofill
2025-05-19 09:35:07.938: [INFO][Sync] Loading: Bookmarks
2025-05-19 09:35:07.938: [ERROR][Sync] Load Preferences, failed: ConstructDataTypeStoreOnFrontendSequence@components\sync\model\data_type_store_service_impl.cc:105: DataTypeStore backend initialization failed
2025-05-19 09:35:07.938: [ERROR][Sync] Stoping type: Preferences, error: DataTypeStore backend initialization failed
2025-05-19 09:35:07.938: [INFO][Sync] Loading: Preferences
2025-05-19 09:35:07.938: [ERROR][Sync] Load Extensions, failed: ConstructDataTypeStoreOnFrontendSequence@components\sync\model\data_type_store_service_impl.cc:105: DataTypeStore backend initialization failed
2025-05-19 09:35:07.938: [ERROR][Sync] Stoping type: Extensions, error: DataTypeStore backend initialization failed
2025-05-19 09:35:07.938: [INFO][Sync] Loading: Extensions
2025-05-19 09:35:07.939: [INFO][Sync] Loading: Sessions
2025-05-19 09:35:07.939: [INFO][Sync] Loading: Extension settings
2025-05-19 09:35:07.939: [ERROR][Sync] Load History Delete Directives, failed: ConstructDataTypeStoreOnFrontendSequence@components\sync\model\data_type_store_service_impl.cc:105: DataTypeStore backend initialization failed
2025-05-19 09:35:07.939: [ERROR][Sync] Stoping type: History Delete Directives, error: DataTypeStore backend initialization failed
2025-05-19 09:35:07.939: [INFO][Sync] Loading: History Delete Directives
2025-05-19 09:35:07.940: [ERROR][Sync] Load Device Info, failed: ConstructDataTypeStoreOnFrontendSequence@components\sync\model\data_type_store_service_impl.cc:105: DataTypeStore backend initialization failed
2025-05-19 09:35:07.940: [ERROR][Sync] Stoping type: Device Info, error: DataTypeStore backend initialization failed
2025-05-19 09:35:07.940: [INFO][Sync] Loading: Device Info
2025-05-19 09:35:07.940: [ERROR][Sync] Load User Consents, failed: ConstructDataTypeStoreOnFrontendSequence@components\sync\model\data_type_store_service_impl.cc:105: DataTypeStore backend initialization failed
2025-05-19 09:35:07.940: [ERROR][Sync] Stoping type: User Consents, error: DataTypeStore backend initialization failed
2025-05-19 09:35:07.940: [INFO][Sync] Loading: User Consents
2025-05-19 09:35:07.940: [ERROR][Sync] Load Send Tab To Self, failed: ConstructDataTypeStoreOnFrontendSequence@components\sync\model\data_type_store_service_impl.cc:105: DataTypeStore backend initialization failed
2025-05-19 09:35:07.940: [ERROR][Sync] Stoping type: Send Tab To Self, error: DataTypeStore backend initialization failed
2025-05-19 09:35:07.940: [INFO][Sync] Loading: Send Tab To Self
2025-05-19 09:35:07.940: [ERROR][Sync] Load Web Apps, failed: ConstructDataTypeStoreOnFrontendSequence@components\sync\model\data_type_store_service_impl.cc:105: DataTypeStore backend initialization failed
2025-05-19 09:35:07.940: [ERROR][Sync] Stoping type: Web Apps, error: DataTypeStore backend initialization failed
2025-05-19 09:35:07.940: [INFO][Sync] Loading: Web Apps
2025-05-19 09:35:07.940: [INFO][Sync] Loading: History
2025-05-19 09:35:07.940: [ERROR][Sync] Load Saved Tab Group, failed: ConstructDataTypeStoreOnFrontendSequence@components\sync\model\data_type_store_service_impl.cc:105: DataTypeStore backend initialization failed
2025-05-19 09:35:07.940: [ERROR][Sync] Stoping type: Saved Tab Group, error: DataTypeStore backend initialization failed
2025-05-19 09:35:07.940: [INFO][Sync] Loading: Saved Tab Group
2025-05-19 09:35:07.940: [ERROR][Sync] Load Collection, failed: ConstructDataTypeStoreOnFrontendSequence@components\sync\model\data_type_store_service_impl.cc:105: DataTypeStore backend initialization failed
2025-05-19 09:35:07.940: [ERROR][Sync] Stoping type: Collection, error: DataTypeStore backend initialization failed
2025-05-19 09:35:07.940: [INFO][Sync] Loading: Collection
2025-05-19 09:35:07.940: [INFO][Sync] Loading: Edge E Drop
2025-05-19 09:35:07.940: [INFO][Sync] Loading: Edge Hub App Usage
2025-05-19 09:35:07.941: [ERROR][Sync] Load Edge Tab Group, failed: ConstructDataTypeStoreOnFrontendSequence@components\sync\model\data_type_store_service_impl.cc:105: DataTypeStore backend initialization failed
2025-05-19 09:35:07.941: [ERROR][Sync] Stoping type: Edge Tab Group, error: DataTypeStore backend initialization failed
2025-05-19 09:35:07.941: [INFO][Sync] Loading: Edge Tab Group
2025-05-19 09:35:07.941: [INFO][Sync] Loading: Edge Wallet
2025-05-19 09:35:07.945: [ERROR][Sync] Load Sessions, failed: ConstructDataTypeStoreOnFrontendSequence@components\sync\model\data_type_store_service_impl.cc:105: DataTypeStore backend initialization failed
2025-05-19 09:35:07.945: [ERROR][Sync] Stoping type: Sessions, error: DataTypeStore backend initialization failed
2025-05-19 09:35:07.945: [ERROR][Sync] Load Extension settings, failed: ConstructDataTypeStoreOnFrontendSequence@components\sync\model\data_type_store_service_impl.cc:105: DataTypeStore backend initialization failed
2025-05-19 09:35:07.945: [ERROR][Sync] Stoping type: Extension settings, error: DataTypeStore backend initialization failed
2025-05-19 09:35:07.945: [ERROR][Sync] Load Edge E Drop, failed: EDropSyncBridge@components\edge_e_drop\core\browser\sync\e_drop_sync_bridge.cc:70: DataTypeStore for Drop initialization failed
2025-05-19 09:35:07.945: [ERROR][Sync] Stoping type: Edge E Drop, error: DataTypeStore for Drop initialization failed
2025-05-19 09:35:07.945: [ERROR][Sync] Load Edge Hub App Usage, failed: EdgeHubAppUsageSyncBridge@components\edge_hub_apps\sync\edge_hub_app_usage_sync_bridge.cc:55: ModelTypeStore for Hub App Usage initialization failed
2025-05-19 09:35:07.945: [ERROR][Sync] Stoping type: Edge Hub App Usage, error: ModelTypeStore for Hub App Usage initialization failed
2025-05-19 09:35:07.945: [INFO][Sync] Configuring for: Bookmarks, Preferences, Passwords, Autofill Profiles, Autofill, Extensions, Sessions, Extension settings, History Delete Directives, Device Info, User Consents, Send Tab To Self, Web Apps, History, Saved Tab Group, Collection, Edge E Drop, Edge Hub App Usage, Edge Tab Group, Edge Wallet, Encryption Keys, reason: 3, current state: 2
2025-05-19 09:35:07.945: [WARN][Sync] Crypto error data types: 
2025-05-19 09:35:07.945: [INFO][Sync] Configure, desired: Bookmarks, History, Edge Wallet, Encryption Keys; Allow fail: Preferences, Passwords, Autofill Profiles, Autofill, Extensions, Sessions, Extension settings, History Delete Directives, Device Info, User Consents, Send Tab To Self, Web Apps, Saved Tab Group, Collection, Edge E Drop, Edge Hub App Usage, Edge Tab Group
2025-05-19 09:35:07.946: [INFO][Sync] All data types are ready for configure.
2025-05-19 09:35:09.025: [INFO][Sync] Started DataTypeManager configuration, reason: 5
2025-05-19 09:35:09.025: [INFO][Sync] Configuring for: Bookmarks, Preferences, Passwords, Autofill Profiles, Autofill, Extensions, Sessions, Extension settings, History Delete Directives, Device Info, User Consents, Send Tab To Self, Web Apps, History, Saved Tab Group, Collection, Edge E Drop, Edge Hub App Usage, Edge Tab Group, Edge Wallet, Encryption Keys, reason: 5, current state: 1
2025-05-19 09:35:09.030: [INFO][SyncEngineBackend::DoStartConfiguration] Start configuration
2025-05-19 09:35:09.031: [INFO][SyncManagerImpl::NudgeForInitialDownload] Initial download nudge for Bookmarks
2025-05-19 09:35:09.031: [INFO][SyncManagerImpl::NudgeForInitialDownload] Initial download nudge for History
2025-05-19 09:35:09.031: [INFO][SyncManagerImpl::NudgeForInitialDownload] Initial download nudge for Edge Wallet
2025-05-19 09:35:09.031: [INFO][SyncManagerImpl::ConfigureSyncer] Types to download:  with reason: 3
2025-05-19 09:35:09.031: [INFO][SyncEngineBackend::DoFinishConfigureDataTypes] Failed to download types:  and succeeded types: 
2025-05-19 09:35:09.036: [INFO][Sync] ConfigurationDone, failed: , succeeded: , remaining count: 3
2025-05-19 09:35:09.036: [WARN][Sync]     Reconfigure requested while configuration ongoing.
2025-05-19 09:35:09.036: [INFO][Sync] Configuring for: Bookmarks, Preferences, Passwords, Autofill Profiles, Autofill, Extensions, Sessions, Extension settings, History Delete Directives, Device Info, User Consents, Send Tab To Self, Web Apps, History, Saved Tab Group, Collection, Edge E Drop, Edge Hub App Usage, Edge Tab Group, Edge Wallet, Encryption Keys, reason: 5, current state: 2
2025-05-19 09:35:09.036: [INFO][Sync] Configure, desired: Bookmarks, Passwords, Autofill Profiles, Autofill, History, Edge Wallet, Encryption Keys; Allow fail: Preferences, Extensions, Sessions, Extension settings, History Delete Directives, Device Info, User Consents, Send Tab To Self, Web Apps, Saved Tab Group, Collection, Edge E Drop, Edge Hub App Usage, Edge Tab Group
2025-05-19 09:35:09.036: [INFO][Sync] Loading: Passwords
2025-05-19 09:35:09.036: [INFO][Sync] Loading: Autofill Profiles
2025-05-19 09:35:09.036: [INFO][Sync] Loading: Autofill
2025-05-19 09:35:09.036: [INFO][Sync] All data types are ready for configure.
2025-05-19 09:35:09.036: [INFO][SyncManagerImpl::NudgeForInitialDownload] Initial download nudge for Passwords
2025-05-19 09:35:09.036: [INFO][SyncManagerImpl::NudgeForInitialDownload] Initial download nudge for Autofill Profiles
2025-05-19 09:35:09.036: [INFO][SyncManagerImpl::NudgeForInitialDownload] Initial download nudge for Autofill
2025-05-19 09:35:09.036: [INFO][SyncManagerImpl::ConfigureSyncer] Types to download:  with reason: 5
2025-05-19 09:35:09.036: [INFO][SyncEngineBackend::DoFinishConfigureDataTypes] Failed to download types:  and succeeded types: 
2025-05-19 09:35:09.037: [INFO][Sync] ConfigurationDone, failed: , succeeded: , remaining count: 4
2025-05-19 09:35:09.037: [INFO][Sync] Prepare to configure types: Passwords, Encryption Keys
2025-05-19 09:35:09.037: [INFO][SyncManagerImpl::ConfigureSyncer] Types to download: Passwords, Encryption Keys with reason: 5
2025-05-19 09:35:09.037: [INFO][SyncSchedulerImpl::DoConfigurationSyncCycleJob] Blocked types:  and types to download: Passwords, Encryption Keys
2025-05-19 09:35:13.092: [INFO][SyncEngineBackend::DoFinishConfigureDataTypes] Failed to download types:  and succeeded types: Passwords, Encryption Keys
2025-05-19 09:35:13.095: [INFO][Sync] ConfigurationDone, failed: , succeeded: Passwords, Encryption Keys, remaining count: 3
2025-05-19 09:35:13.095: [INFO][Sync] Prepare to configure types: Bookmarks, Encryption Keys
2025-05-19 09:35:13.095: [INFO][SyncManagerImpl::ConfigureSyncer] Types to download: Bookmarks, Encryption Keys with reason: 5
2025-05-19 09:35:13.095: [INFO][SyncSchedulerImpl::DoConfigurationSyncCycleJob] Blocked types:  and types to download: Bookmarks, Encryption Keys
2025-05-19 09:35:15.234: [INFO][SyncEngineBackend::DoFinishConfigureDataTypes] Failed to download types:  and succeeded types: Bookmarks, Encryption Keys
2025-05-19 09:35:15.245: [INFO][Sync] ConfigurationDone, failed: , succeeded: Bookmarks, Encryption Keys, remaining count: 2
2025-05-19 09:35:15.245: [INFO][Sync] Prepare to configure types: Autofill Profiles, Autofill, Edge Wallet, Encryption Keys
2025-05-19 09:35:15.245: [INFO][SyncManagerImpl::ConfigureSyncer] Types to download: Autofill Profiles, Autofill, Edge Wallet, Encryption Keys with reason: 5
2025-05-19 09:35:15.245: [INFO][SyncSchedulerImpl::DoConfigurationSyncCycleJob] Blocked types:  and types to download: Autofill Profiles, Autofill, Edge Wallet, Encryption Keys
2025-05-19 09:35:25.942: [INFO][SyncEngineBackend::DoFinishConfigureDataTypes] Failed to download types:  and succeeded types: Autofill Profiles, Autofill, Edge Wallet, Encryption Keys
2025-05-19 09:35:25.944: [INFO][Sync] ConfigurationDone, failed: , succeeded: Autofill Profiles, Autofill, Edge Wallet, Encryption Keys, remaining count: 1
2025-05-19 09:35:25.946: [INFO][Sync] Prepare to configure types: History, Encryption Keys
2025-05-19 09:35:25.946: [INFO][SyncManagerImpl::ConfigureSyncer] Types to download: History, Encryption Keys with reason: 5
2025-05-19 09:35:25.946: [INFO][SyncSchedulerImpl::DoConfigurationSyncCycleJob] Blocked types:  and types to download: History, Encryption Keys
2025-05-19 09:35:33.210: [INFO][SyncEngineBackend::DoFinishConfigureDataTypes] Failed to download types:  and succeeded types: History, Encryption Keys
2025-05-19 09:35:33.369: [INFO][Sync] ConfigurationDone, failed: , succeeded: History, Encryption Keys, remaining count: 0
2025-05-19 09:35:33.478: [INFO][Sync]     Configuration completed, state: 7
2025-05-19 09:35:33.479: [INFO][Sync] Configured DataTypeManager: Ok
2025-05-19 09:35:33.579: [INFO][SyncEngineBackend::DoStartSyncing] Start syncing
2025-05-19 09:41:39.855: [INFO][Sync] Reset engine, reason: 0
2025-05-19 09:41:39.856: [INFO][Sync] Reset engine with reason: 0
